<?xml version="1.0" encoding="UTF-8"?>
<!-- Generated by org.testng.reporters.JUnitXMLReporter -->
<testsuite ignored="0" hostname="Bharath" failures="1" tests="5" name="Test" time="0.081" errors="0" timestamp="2025-06-06T22:37:48 IST">
  <testcase classname="testng.concepts.AppCommons" name="TestCase1" time="0.012">
    <skipped/>
  </testcase> <!-- TestCase1 -->
  <testcase classname="testng.concepts.AppCommons" name="TestCase1" time="0.0">
    <skipped/>
  </testcase> <!-- TestCase1 -->
  <testcase classname="testng.concepts.AppCommons" name="TestCase1" time="0.001">
    <failure type="java.lang.AssertionError" message="Test Case 1 - Home Page Validations Failed...">
      <![CDATA[java.lang.AssertionError: Test Case 1 - Home Page Validations Failed...
at testng.concepts.AppCommons.TestCase1(AppCommons.java:10)
at java.base/java.util.ArrayList.forEach(ArrayList.java:1596)
... Removed 26 stack frames]]>
    </failure>
  </testcase> <!-- TestCase1 -->
  <testcase classname="testng.concepts.AppCommons" name="TestCase3" time="0.0">
    <skipped/>
  </testcase> <!-- TestCase3 -->
  <testcase classname="testng.concepts.AppCommons" name="TestCase2" time="0.003"/>
</testsuite> <!-- Test -->
